0 info it worked if it ends with ok
1 verbose cli [ 'C:\\Program Files\\nodejs\\node.exe',
1 verbose cli   'C:\\Users\\kilakal\\AppData\\Roaming\\npm\\node_modules\\npm\\bin\\npm-cli.js',
1 verbose cli   'start' ]
2 info using npm@4.1.2
3 info using node@v8.11.1
4 verbose run-script [ 'prestart', 'start', 'poststart' ]
5 info lifecycle byui-canvas-theme@1.1.0~prestart: byui-canvas-theme@1.1.0
6 silly lifecycle byui-canvas-theme@1.1.0~prestart: no script for prestart, continuing
7 info lifecycle byui-canvas-theme@1.1.0~start: byui-canvas-theme@1.1.0
8 verbose lifecycle byui-canvas-theme@1.1.0~start: unsafe-perm in lifecycle true
9 verbose lifecycle byui-canvas-theme@1.1.0~start: PATH: C:\Users\kilakal\AppData\Roaming\npm\node_modules\npm\bin\node-gyp-bin;C:\Users\emmafisher\byui-canvas-theme\node_modules\.bin;C:\ProgramData\Oracle\Java\javapath;C:\WINDOWS\system32;C:\WINDOWS;C:\WINDOWS\System32\Wbem;C:\WINDOWS\System32\WindowsPowerShell\v1.0\;C:\WINDOWS\System32\Windows System Resource Manager\bin;C:\WINDOWS\idmu\common;C:\Program Files (x86)\IBM\Client Access\Emulator;C:\Program Files (x86)\IBM\Client Access\Shared;C:\Program Files (x86)\IBM\Client Access\;C:\Program Files (x86)\GnuWin32\bin;C:\Program Files (x86)\Brackets\command;C:\Users\benjam55\AppData\Roaming\npm;C:\Users\kilakal\AppData\Roaming\npm;C:\Program Files\nodejs\;C:\Program Files\Git\cmd;C:\Program Files\Microsoft VS Code\bin;C:\Program Files\dotnet\;C:\Users\emmafisher\AppData\Roaming\npm;C:\Users\emmafisher\.dotnet\tools
10 verbose lifecycle byui-canvas-theme@1.1.0~start: CWD: C:\Users\emmafisher\byui-canvas-theme
11 silly lifecycle byui-canvas-theme@1.1.0~start: Args: [ '/d /s /c', 'gulp.cmd' ]
12 silly lifecycle byui-canvas-theme@1.1.0~start: Returned: code: 1  signal: null
13 info lifecycle byui-canvas-theme@1.1.0~start: Failed to exec start script
14 verbose stack Error: byui-canvas-theme@1.1.0 start: `gulp.cmd`
14 verbose stack Exit status 1
14 verbose stack     at EventEmitter.<anonymous> (C:\Users\kilakal\AppData\Roaming\npm\node_modules\npm\lib\utils\lifecycle.js:279:16)
14 verbose stack     at emitTwo (events.js:126:13)
14 verbose stack     at EventEmitter.emit (events.js:214:7)
14 verbose stack     at ChildProcess.<anonymous> (C:\Users\kilakal\AppData\Roaming\npm\node_modules\npm\lib\utils\spawn.js:40:14)
14 verbose stack     at emitTwo (events.js:126:13)
14 verbose stack     at ChildProcess.emit (events.js:214:7)
14 verbose stack     at maybeClose (internal/child_process.js:925:16)
14 verbose stack     at Process.ChildProcess._handle.onexit (internal/child_process.js:209:5)
15 verbose pkgid byui-canvas-theme@1.1.0
16 verbose cwd C:\Users\emmafisher\byui-canvas-theme
17 error Windows_NT 10.0.14393
18 error argv "C:\\Program Files\\nodejs\\node.exe" "C:\\Users\\kilakal\\AppData\\Roaming\\npm\\node_modules\\npm\\bin\\npm-cli.js" "start"
19 error node v8.11.1
20 error npm  v4.1.2
21 error code ELIFECYCLE
22 error byui-canvas-theme@1.1.0 start: `gulp.cmd`
22 error Exit status 1
23 error Failed at the byui-canvas-theme@1.1.0 start script 'gulp.cmd'.
23 error Make sure you have the latest version of node.js and npm installed.
23 error If you do, this is most likely a problem with the byui-canvas-theme package,
23 error not with npm itself.
23 error Tell the author that this fails on your system:
23 error     gulp.cmd
23 error You can get information on how to open an issue for this project with:
23 error     npm bugs byui-canvas-theme
23 error Or if that isn't available, you can get their info via:
23 error     npm owner ls byui-canvas-theme
23 error There is likely additional logging output above.
24 verbose exit [ 1, true ]
